[18-May-2026 12:40:11 Europe/Berlin] PHP Notice:  session_start(): Ignoring session_start() because a session is already active in C:\xampp\htdocs\dashboard\Athletehub\AthleteHub V1.3\includes\header.php on line 2
[18-May-2026 12:41:57 Europe/Berlin] PHP Notice:  session_start(): Ignoring session_start() because a session is already active in C:\xampp\htdocs\dashboard\Athletehub\AthleteHub V1.3\includes\header.php on line 2
[18-May-2026 12:44:54 Europe/Berlin] PHP Notice:  session_start(): Ignoring session_start() because a session is already active in C:\xampp\htdocs\dashboard\Athletehub\AthleteHub V1.3\includes\header.php on line 2
[18-May-2026 12:44:58 Europe/Berlin] PHP Notice:  session_start(): Ignoring session_start() because a session is already active in C:\xampp\htdocs\dashboard\Athletehub\AthleteHub V1.3\includes\header.php on line 2
[18-May-2026 12:45:08 Europe/Berlin] PHP Notice:  session_start(): Ignoring session_start() because a session is already active in C:\xampp\htdocs\dashboard\Athletehub\AthleteHub V1.3\includes\header.php on line 2
[18-May-2026 12:46:05 Europe/Berlin] PHP Notice:  session_start(): Ignoring session_start() because a session is already active in C:\xampp\htdocs\dashboard\Athletehub\AthleteHub V1.3\includes\header.php on line 2
[18-May-2026 12:46:07 Europe/Berlin] PHP Notice:  session_start(): Ignoring session_start() because a session is already active in C:\xampp\htdocs\dashboard\Athletehub\AthleteHub V1.3\includes\header.php on line 2
[18-May-2026 12:52:39 Europe/Berlin] PHP Notice:  session_start(): Ignoring session_start() because a session is already active in C:\xampp\htdocs\dashboard\Athletehub\AthleteHub V1.3\includes\header.php on line 2
[18-May-2026 12:52:45 Europe/Berlin] PHP Notice:  session_start(): Ignoring session_start() because a session is already active in C:\xampp\htdocs\dashboard\Athletehub\AthleteHub V1.3\includes\header.php on line 2
[18-May-2026 12:52:47 Europe/Berlin] PHP Notice:  session_start(): Ignoring session_start() because a session is already active in C:\xampp\htdocs\dashboard\Athletehub\AthleteHub V1.3\includes\header.php on line 2
[18-May-2026 12:54:55 Europe/Berlin] PHP Notice:  session_start(): Ignoring session_start() because a session is already active in C:\xampp\htdocs\dashboard\Athletehub\AthleteHub V1.3\includes\header.php on line 2
[18-May-2026 12:55:04 Europe/Berlin] PHP Notice:  session_start(): Ignoring session_start() because a session is already active in C:\xampp\htdocs\dashboard\Athletehub\AthleteHub V1.3\includes\header.php on line 2
[18-May-2026 12:55:14 Europe/Berlin] PHP Notice:  session_start(): Ignoring session_start() because a session is already active in C:\xampp\htdocs\dashboard\Athletehub\AthleteHub V1.3\includes\header.php on line 2
[18-May-2026 12:55:16 Europe/Berlin] PHP Notice:  session_start(): Ignoring session_start() because a session is already active in C:\xampp\htdocs\dashboard\Athletehub\AthleteHub V1.3\includes\header.php on line 2
[18-May-2026 13:04:45 Europe/Berlin] PHP Notice:  session_start(): Ignoring session_start() because a session is already active in C:\xampp\htdocs\dashboard\Athletehub\AthleteHub V1.3\includes\header.php on line 2
[18-May-2026 13:04:48 Europe/Berlin] PHP Notice:  session_start(): Ignoring session_start() because a session is already active in C:\xampp\htdocs\dashboard\Athletehub\AthleteHub V1.3\includes\header.php on line 2
[18-May-2026 13:04:52 Europe/Berlin] PHP Notice:  session_start(): Ignoring session_start() because a session is already active in C:\xampp\htdocs\dashboard\Athletehub\AthleteHub V1.3\includes\header.php on line 2
[18-May-2026 13:05:14 Europe/Berlin] PHP Notice:  session_start(): Ignoring session_start() because a session is already active in C:\xampp\htdocs\dashboard\Athletehub\AthleteHub V1.3\includes\header.php on line 2
[18-May-2026 13:05:20 Europe/Berlin] PHP Notice:  session_start(): Ignoring session_start() because a session is already active in C:\xampp\htdocs\dashboard\Athletehub\AthleteHub V1.3\includes\header.php on line 2
[18-May-2026 13:05:23 Europe/Berlin] PHP Notice:  session_start(): Ignoring session_start() because a session is already active in C:\xampp\htdocs\dashboard\Athletehub\AthleteHub V1.3\includes\header.php on line 2
[18-May-2026 13:05:25 Europe/Berlin] PHP Notice:  session_start(): Ignoring session_start() because a session is already active in C:\xampp\htdocs\dashboard\Athletehub\AthleteHub V1.3\includes\header.php on line 2
[18-May-2026 13:05:27 Europe/Berlin] PHP Notice:  session_start(): Ignoring session_start() because a session is already active in C:\xampp\htdocs\dashboard\Athletehub\AthleteHub V1.3\includes\header.php on line 2
[18-May-2026 13:06:09 Europe/Berlin] PHP Notice:  session_start(): Ignoring session_start() because a session is already active in C:\xampp\htdocs\dashboard\Athletehub\AthleteHub V1.3\includes\header.php on line 2
[18-May-2026 13:06:13 Europe/Berlin] PHP Notice:  session_start(): Ignoring session_start() because a session is already active in C:\xampp\htdocs\dashboard\Athletehub\AthleteHub V1.3\includes\header.php on line 2
[18-May-2026 13:06:15 Europe/Berlin] PHP Notice:  session_start(): Ignoring session_start() because a session is already active in C:\xampp\htdocs\dashboard\Athletehub\AthleteHub V1.3\includes\header.php on line 2
[18-May-2026 13:06:16 Europe/Berlin] PHP Notice:  session_start(): Ignoring session_start() because a session is already active in C:\xampp\htdocs\dashboard\Athletehub\AthleteHub V1.3\includes\header.php on line 2
[18-May-2026 13:06:24 Europe/Berlin] PHP Notice:  session_start(): Ignoring session_start() because a session is already active in C:\xampp\htdocs\dashboard\Athletehub\AthleteHub V1.3\includes\header.php on line 2
[18-May-2026 13:06:27 Europe/Berlin] PHP Notice:  session_start(): Ignoring session_start() because a session is already active in C:\xampp\htdocs\dashboard\Athletehub\AthleteHub V1.3\includes\header.php on line 2
[18-May-2026 13:06:33 Europe/Berlin] PHP Fatal error:  Uncaught Error: Call to undefined function validate_csrf_token() in C:\xampp\htdocs\dashboard\Athletehub\AthleteHub V1.3\api\follow.php:15
Stack trace:
#0 {main}
  thrown in C:\xampp\htdocs\dashboard\Athletehub\AthleteHub V1.3\api\follow.php on line 15
[18-May-2026 13:06:35 Europe/Berlin] PHP Fatal error:  Uncaught Error: Call to undefined function validate_csrf_token() in C:\xampp\htdocs\dashboard\Athletehub\AthleteHub V1.3\api\follow.php:15
Stack trace:
#0 {main}
  thrown in C:\xampp\htdocs\dashboard\Athletehub\AthleteHub V1.3\api\follow.php on line 15
[18-May-2026 13:06:35 Europe/Berlin] PHP Fatal error:  Uncaught Error: Call to undefined function validate_csrf_token() in C:\xampp\htdocs\dashboard\Athletehub\AthleteHub V1.3\api\follow.php:15
Stack trace:
#0 {main}
  thrown in C:\xampp\htdocs\dashboard\Athletehub\AthleteHub V1.3\api\follow.php on line 15
[18-May-2026 13:06:36 Europe/Berlin] PHP Fatal error:  Uncaught Error: Call to undefined function validate_csrf_token() in C:\xampp\htdocs\dashboard\Athletehub\AthleteHub V1.3\api\follow.php:15
Stack trace:
#0 {main}
  thrown in C:\xampp\htdocs\dashboard\Athletehub\AthleteHub V1.3\api\follow.php on line 15
[18-May-2026 13:06:36 Europe/Berlin] PHP Fatal error:  Uncaught Error: Call to undefined function validate_csrf_token() in C:\xampp\htdocs\dashboard\Athletehub\AthleteHub V1.3\api\follow.php:15
Stack trace:
#0 {main}
  thrown in C:\xampp\htdocs\dashboard\Athletehub\AthleteHub V1.3\api\follow.php on line 15
[18-May-2026 13:06:36 Europe/Berlin] PHP Fatal error:  Uncaught Error: Call to undefined function validate_csrf_token() in C:\xampp\htdocs\dashboard\Athletehub\AthleteHub V1.3\api\follow.php:15
Stack trace:
#0 {main}
  thrown in C:\xampp\htdocs\dashboard\Athletehub\AthleteHub V1.3\api\follow.php on line 15
[18-May-2026 13:06:36 Europe/Berlin] PHP Fatal error:  Uncaught Error: Call to undefined function validate_csrf_token() in C:\xampp\htdocs\dashboard\Athletehub\AthleteHub V1.3\api\follow.php:15
Stack trace:
#0 {main}
  thrown in C:\xampp\htdocs\dashboard\Athletehub\AthleteHub V1.3\api\follow.php on line 15
[18-May-2026 13:06:36 Europe/Berlin] PHP Fatal error:  Uncaught Error: Call to undefined function validate_csrf_token() in C:\xampp\htdocs\dashboard\Athletehub\AthleteHub V1.3\api\follow.php:15
Stack trace:
#0 {main}
  thrown in C:\xampp\htdocs\dashboard\Athletehub\AthleteHub V1.3\api\follow.php on line 15
[18-May-2026 13:06:36 Europe/Berlin] PHP Fatal error:  Uncaught Error: Call to undefined function validate_csrf_token() in C:\xampp\htdocs\dashboard\Athletehub\AthleteHub V1.3\api\follow.php:15
Stack trace:
#0 {main}
  thrown in C:\xampp\htdocs\dashboard\Athletehub\AthleteHub V1.3\api\follow.php on line 15
[18-May-2026 13:06:37 Europe/Berlin] PHP Fatal error:  Uncaught Error: Call to undefined function validate_csrf_token() in C:\xampp\htdocs\dashboard\Athletehub\AthleteHub V1.3\api\follow.php:15
Stack trace:
#0 {main}
  thrown in C:\xampp\htdocs\dashboard\Athletehub\AthleteHub V1.3\api\follow.php on line 15
[18-May-2026 13:06:40 Europe/Berlin] PHP Notice:  session_start(): Ignoring session_start() because a session is already active in C:\xampp\htdocs\dashboard\Athletehub\AthleteHub V1.3\includes\header.php on line 2
[18-May-2026 13:06:43 Europe/Berlin] PHP Fatal error:  Uncaught Error: Call to undefined function validate_csrf_token() in C:\xampp\htdocs\dashboard\Athletehub\AthleteHub V1.3\api\follow.php:15
Stack trace:
#0 {main}
  thrown in C:\xampp\htdocs\dashboard\Athletehub\AthleteHub V1.3\api\follow.php on line 15
[18-May-2026 13:06:44 Europe/Berlin] PHP Fatal error:  Uncaught Error: Call to undefined function validate_csrf_token() in C:\xampp\htdocs\dashboard\Athletehub\AthleteHub V1.3\api\follow.php:15
Stack trace:
#0 {main}
  thrown in C:\xampp\htdocs\dashboard\Athletehub\AthleteHub V1.3\api\follow.php on line 15
[18-May-2026 13:06:45 Europe/Berlin] PHP Fatal error:  Uncaught Error: Call to undefined function validate_csrf_token() in C:\xampp\htdocs\dashboard\Athletehub\AthleteHub V1.3\api\follow.php:15
Stack trace:
#0 {main}
  thrown in C:\xampp\htdocs\dashboard\Athletehub\AthleteHub V1.3\api\follow.php on line 15
[18-May-2026 13:06:46 Europe/Berlin] PHP Fatal error:  Uncaught Error: Call to undefined function validate_csrf_token() in C:\xampp\htdocs\dashboard\Athletehub\AthleteHub V1.3\api\follow.php:15
Stack trace:
#0 {main}
  thrown in C:\xampp\htdocs\dashboard\Athletehub\AthleteHub V1.3\api\follow.php on line 15
[18-May-2026 13:06:46 Europe/Berlin] PHP Fatal error:  Uncaught Error: Call to undefined function validate_csrf_token() in C:\xampp\htdocs\dashboard\Athletehub\AthleteHub V1.3\api\follow.php:15
Stack trace:
#0 {main}
  thrown in C:\xampp\htdocs\dashboard\Athletehub\AthleteHub V1.3\api\follow.php on line 15
[18-May-2026 13:06:47 Europe/Berlin] PHP Fatal error:  Uncaught Error: Call to undefined function validate_csrf_token() in C:\xampp\htdocs\dashboard\Athletehub\AthleteHub V1.3\api\follow.php:15
Stack trace:
#0 {main}
  thrown in C:\xampp\htdocs\dashboard\Athletehub\AthleteHub V1.3\api\follow.php on line 15
[18-May-2026 13:06:47 Europe/Berlin] PHP Fatal error:  Uncaught Error: Call to undefined function validate_csrf_token() in C:\xampp\htdocs\dashboard\Athletehub\AthleteHub V1.3\api\follow.php:15
Stack trace:
#0 {main}
  thrown in C:\xampp\htdocs\dashboard\Athletehub\AthleteHub V1.3\api\follow.php on line 15
[18-May-2026 13:06:48 Europe/Berlin] PHP Notice:  session_start(): Ignoring session_start() because a session is already active in C:\xampp\htdocs\dashboard\Athletehub\AthleteHub V1.3\includes\header.php on line 2
[18-May-2026 13:06:49 Europe/Berlin] PHP Fatal error:  Uncaught Error: Call to undefined function validate_csrf_token() in C:\xampp\htdocs\dashboard\Athletehub\AthleteHub V1.3\api\follow.php:15
Stack trace:
#0 {main}
  thrown in C:\xampp\htdocs\dashboard\Athletehub\AthleteHub V1.3\api\follow.php on line 15
[18-May-2026 13:06:51 Europe/Berlin] PHP Notice:  session_start(): Ignoring session_start() because a session is already active in C:\xampp\htdocs\dashboard\Athletehub\AthleteHub V1.3\includes\header.php on line 2
[18-May-2026 13:32:36 Europe/Berlin] PHP Notice:  session_start(): Ignoring session_start() because a session is already active in C:\xampp\htdocs\dashboard\Athletehub\AthleteHub V1.3\includes\header.php on line 2
[18-May-2026 13:32:39 Europe/Berlin] PHP Notice:  session_start(): Ignoring session_start() because a session is already active in C:\xampp\htdocs\dashboard\Athletehub\AthleteHub V1.3\includes\header.php on line 2
[18-May-2026 13:32:52 Europe/Berlin] PHP Notice:  session_start(): Ignoring session_start() because a session is already active in C:\xampp\htdocs\dashboard\Athletehub\AthleteHub V1.3\includes\header.php on line 2
[18-May-2026 13:32:58 Europe/Berlin] PHP Notice:  session_start(): Ignoring session_start() because a session is already active in C:\xampp\htdocs\dashboard\Athletehub\AthleteHub V1.3\includes\header.php on line 2
[18-May-2026 13:33:00 Europe/Berlin] PHP Notice:  session_start(): Ignoring session_start() because a session is already active in C:\xampp\htdocs\dashboard\Athletehub\AthleteHub V1.3\includes\header.php on line 2
[18-May-2026 13:33:18 Europe/Berlin] PHP Fatal error:  Uncaught Error: Call to undefined function validate_csrf_token() in C:\xampp\htdocs\dashboard\Athletehub\AthleteHub V1.3\api\livestream.php:14
Stack trace:
#0 {main}
  thrown in C:\xampp\htdocs\dashboard\Athletehub\AthleteHub V1.3\api\livestream.php on line 14
[18-May-2026 13:33:20 Europe/Berlin] PHP Fatal error:  Uncaught Error: Call to undefined function validate_csrf_token() in C:\xampp\htdocs\dashboard\Athletehub\AthleteHub V1.3\api\livestream.php:14
Stack trace:
#0 {main}
  thrown in C:\xampp\htdocs\dashboard\Athletehub\AthleteHub V1.3\api\livestream.php on line 14
[18-May-2026 13:33:20 Europe/Berlin] PHP Fatal error:  Uncaught Error: Call to undefined function validate_csrf_token() in C:\xampp\htdocs\dashboard\Athletehub\AthleteHub V1.3\api\livestream.php:14
Stack trace:
#0 {main}
  thrown in C:\xampp\htdocs\dashboard\Athletehub\AthleteHub V1.3\api\livestream.php on line 14
[18-May-2026 13:33:20 Europe/Berlin] PHP Fatal error:  Uncaught Error: Call to undefined function validate_csrf_token() in C:\xampp\htdocs\dashboard\Athletehub\AthleteHub V1.3\api\livestream.php:14
Stack trace:
#0 {main}
  thrown in C:\xampp\htdocs\dashboard\Athletehub\AthleteHub V1.3\api\livestream.php on line 14
[18-May-2026 13:34:19 Europe/Berlin] PHP Fatal error:  Uncaught Error: Call to undefined function validate_csrf_token() in C:\xampp\htdocs\dashboard\Athletehub\AthleteHub V1.3\api\livestream.php:14
Stack trace:
#0 {main}
  thrown in C:\xampp\htdocs\dashboard\Athletehub\AthleteHub V1.3\api\livestream.php on line 14
[18-May-2026 13:34:20 Europe/Berlin] PHP Fatal error:  Uncaught Error: Call to undefined function validate_csrf_token() in C:\xampp\htdocs\dashboard\Athletehub\AthleteHub V1.3\api\livestream.php:14
Stack trace:
#0 {main}
  thrown in C:\xampp\htdocs\dashboard\Athletehub\AthleteHub V1.3\api\livestream.php on line 14
[18-May-2026 13:34:20 Europe/Berlin] PHP Fatal error:  Uncaught Error: Call to undefined function validate_csrf_token() in C:\xampp\htdocs\dashboard\Athletehub\AthleteHub V1.3\api\livestream.php:14
Stack trace:
#0 {main}
  thrown in C:\xampp\htdocs\dashboard\Athletehub\AthleteHub V1.3\api\livestream.php on line 14
[18-May-2026 13:34:20 Europe/Berlin] PHP Fatal error:  Uncaught Error: Call to undefined function validate_csrf_token() in C:\xampp\htdocs\dashboard\Athletehub\AthleteHub V1.3\api\livestream.php:14
Stack trace:
#0 {main}
  thrown in C:\xampp\htdocs\dashboard\Athletehub\AthleteHub V1.3\api\livestream.php on line 14
[18-May-2026 13:34:20 Europe/Berlin] PHP Fatal error:  Uncaught Error: Call to undefined function validate_csrf_token() in C:\xampp\htdocs\dashboard\Athletehub\AthleteHub V1.3\api\livestream.php:14
Stack trace:
#0 {main}
  thrown in C:\xampp\htdocs\dashboard\Athletehub\AthleteHub V1.3\api\livestream.php on line 14
[18-May-2026 13:34:21 Europe/Berlin] PHP Fatal error:  Uncaught Error: Call to undefined function validate_csrf_token() in C:\xampp\htdocs\dashboard\Athletehub\AthleteHub V1.3\api\livestream.php:14
Stack trace:
#0 {main}
  thrown in C:\xampp\htdocs\dashboard\Athletehub\AthleteHub V1.3\api\livestream.php on line 14
[18-May-2026 13:34:21 Europe/Berlin] PHP Fatal error:  Uncaught Error: Call to undefined function validate_csrf_token() in C:\xampp\htdocs\dashboard\Athletehub\AthleteHub V1.3\api\livestream.php:14
Stack trace:
#0 {main}
  thrown in C:\xampp\htdocs\dashboard\Athletehub\AthleteHub V1.3\api\livestream.php on line 14
[18-May-2026 13:34:23 Europe/Berlin] PHP Notice:  session_start(): Ignoring session_start() because a session is already active in C:\xampp\htdocs\dashboard\Athletehub\AthleteHub V1.3\includes\header.php on line 2
[18-May-2026 13:34:28 Europe/Berlin] PHP Notice:  session_start(): Ignoring session_start() because a session is already active in C:\xampp\htdocs\dashboard\Athletehub\AthleteHub V1.3\includes\header.php on line 2
[18-May-2026 13:34:37 Europe/Berlin] PHP Notice:  session_start(): Ignoring session_start() because a session is already active in C:\xampp\htdocs\dashboard\Athletehub\AthleteHub V1.3\includes\header.php on line 2
[18-May-2026 13:34:38 Europe/Berlin] PHP Notice:  session_start(): Ignoring session_start() because a session is already active in C:\xampp\htdocs\dashboard\Athletehub\AthleteHub V1.3\includes\header.php on line 2
[18-May-2026 13:34:47 Europe/Berlin] PHP Notice:  session_start(): Ignoring session_start() because a session is already active in C:\xampp\htdocs\dashboard\Athletehub\AthleteHub V1.3\includes\header.php on line 2
[19-May-2026 08:23:13 Europe/Berlin] PHP Notice:  session_start(): Ignoring session_start() because a session is already active in C:\xampp\htdocs\dashboard\Athletehub\AthleteHub V1.3\includes\header.php on line 2
[19-May-2026 08:23:21 Europe/Berlin] PHP Notice:  session_start(): Ignoring session_start() because a session is already active in C:\xampp\htdocs\dashboard\Athletehub\AthleteHub V1.3\includes\header.php on line 2
[19-May-2026 08:23:24 Europe/Berlin] PHP Fatal error:  Uncaught Error: Call to undefined function validate_csrf_token() in C:\xampp\htdocs\dashboard\Athletehub\AthleteHub V1.3\api\follow.php:15
Stack trace:
#0 {main}
  thrown in C:\xampp\htdocs\dashboard\Athletehub\AthleteHub V1.3\api\follow.php on line 15
[19-May-2026 08:23:29 Europe/Berlin] PHP Notice:  session_start(): Ignoring session_start() because a session is already active in C:\xampp\htdocs\dashboard\Athletehub\AthleteHub V1.3\includes\header.php on line 2
[19-May-2026 08:23:32 Europe/Berlin] PHP Notice:  session_start(): Ignoring session_start() because a session is already active in C:\xampp\htdocs\dashboard\Athletehub\AthleteHub V1.3\includes\header.php on line 2
[19-May-2026 08:24:00 Europe/Berlin] PHP Notice:  session_start(): Ignoring session_start() because a session is already active in C:\xampp\htdocs\dashboard\Athletehub\AthleteHub V1.3\includes\header.php on line 2
[19-May-2026 08:24:52 Europe/Berlin] PHP Notice:  session_start(): Ignoring session_start() because a session is already active in C:\xampp\htdocs\dashboard\Athletehub\AthleteHub V1.3\includes\header.php on line 2
[19-May-2026 08:24:59 Europe/Berlin] PHP Notice:  session_start(): Ignoring session_start() because a session is already active in C:\xampp\htdocs\dashboard\Athletehub\AthleteHub V1.3\includes\header.php on line 2
[19-May-2026 08:25:02 Europe/Berlin] PHP Notice:  session_start(): Ignoring session_start() because a session is already active in C:\xampp\htdocs\dashboard\Athletehub\AthleteHub V1.3\includes\header.php on line 2
[19-May-2026 08:26:07 Europe/Berlin] PHP Notice:  session_start(): Ignoring session_start() because a session is already active in C:\xampp\htdocs\dashboard\Athletehub\AthleteHub V1.3\includes\header.php on line 2
[19-May-2026 08:26:25 Europe/Berlin] PHP Notice:  session_start(): Ignoring session_start() because a session is already active in C:\xampp\htdocs\dashboard\Athletehub\AthleteHub V1.3\includes\header.php on line 2
[19-May-2026 09:25:41 Europe/Berlin] PHP Notice:  session_start(): Ignoring session_start() because a session is already active in C:\xampp\htdocs\dashboard\Athletehub\AthleteHub V1.3\includes\header.php on line 2
[19-May-2026 09:27:59 Europe/Berlin] PHP Notice:  session_start(): Ignoring session_start() because a session is already active in C:\xampp\htdocs\dashboard\Athletehub\AthleteHub V1.3\includes\header.php on line 2
[19-May-2026 09:28:06 Europe/Berlin] PHP Notice:  session_start(): Ignoring session_start() because a session is already active in C:\xampp\htdocs\dashboard\Athletehub\AthleteHub V1.3\includes\header.php on line 2
[19-May-2026 09:31:25 Europe/Berlin] PHP Notice:  session_start(): Ignoring session_start() because a session is already active in C:\xampp\htdocs\dashboard\Athletehub\AthleteHub V1.3\includes\header.php on line 2
[19-May-2026 09:31:30 Europe/Berlin] PHP Notice:  session_start(): Ignoring session_start() because a session is already active in C:\xampp\htdocs\dashboard\Athletehub\AthleteHub V1.3\includes\header.php on line 2
